mode: set
github.com/quicksilver-zone/quicksilver/x/interchainquery/keeper/abci.go:18.45,23.73 4 1
github.com/quicksilver-zone/quicksilver/x/interchainquery/keeper/abci.go:23.73,24.157 1 0
github.com/quicksilver-zone/quicksilver/x/interchainquery/keeper/abci.go:24.157,43.4 5 0
github.com/quicksilver-zone/quicksilver/x/interchainquery/keeper/abci.go:44.3,44.15 1 0
github.com/quicksilver-zone/quicksilver/x/interchainquery/keeper/abci.go:47.2,47.21 1 1
github.com/quicksilver-zone/quicksilver/x/interchainquery/keeper/abci.go:47.21,49.3 1 0
github.com/quicksilver-zone/quicksilver/x/interchainquery/keeper/grpc_query.go:19.115,20.16 1 1
github.com/quicksilver-zone/quicksilver/x/interchainquery/keeper/grpc_query.go:20.16,22.3 1 0
github.com/quicksilver-zone/quicksilver/x/interchainquery/keeper/grpc_query.go:24.2,29.117 4 1
github.com/quicksilver-zone/quicksilver/x/interchainquery/keeper/grpc_query.go:29.117,31.56 2 1
github.com/quicksilver-zone/quicksilver/x/interchainquery/keeper/grpc_query.go:31.56,33.4 1 0
github.com/quicksilver-zone/quicksilver/x/interchainquery/keeper/grpc_query.go:35.3,35.142 1 1
github.com/quicksilver-zone/quicksilver/x/interchainquery/keeper/grpc_query.go:35.142,38.4 2 1
github.com/quicksilver-zone/quicksilver/x/interchainquery/keeper/grpc_query.go:40.3,40.20 1 0
github.com/quicksilver-zone/quicksilver/x/interchainquery/keeper/grpc_query.go:42.2,42.16 1 1
github.com/quicksilver-zone/quicksilver/x/interchainquery/keeper/grpc_query.go:42.16,44.3 1 0
github.com/quicksilver-zone/quicksilver/x/interchainquery/keeper/grpc_query.go:46.2,49.8 1 1
github.com/quicksilver-zone/quicksilver/x/interchainquery/keeper/keeper.go:29.99,30.22 1 1
github.com/quicksilver-zone/quicksilver/x/interchainquery/keeper/keeper.go:30.22,31.28 1 0
github.com/quicksilver-zone/quicksilver/x/interchainquery/keeper/keeper.go:34.2,39.3 1 1
github.com/quicksilver-zone/quicksilver/x/interchainquery/keeper/keeper.go:42.88,44.11 2 1
github.com/quicksilver-zone/quicksilver/x/interchainquery/keeper/keeper.go:44.11,46.3 1 0
github.com/quicksilver-zone/quicksilver/x/interchainquery/keeper/keeper.go:47.2,48.12 2 1
github.com/quicksilver-zone/quicksilver/x/interchainquery/keeper/keeper.go:52.52,54.2 1 1
github.com/quicksilver-zone/quicksilver/x/interchainquery/keeper/keeper.go:66.3,80.12 4 1
github.com/quicksilver-zone/quicksilver/x/interchainquery/keeper/keeper.go:80.12,81.39 1 1
github.com/quicksilver-zone/quicksilver/x/interchainquery/keeper/keeper.go:81.39,82.49 1 1
github.com/quicksilver-zone/quicksilver/x/interchainquery/keeper/keeper.go:82.49,85.15 3 1
github.com/quicksilver-zone/quicksilver/x/interchainquery/keeper/keeper.go:87.4,87.62 1 1
github.com/quicksilver-zone/quicksilver/x/interchainquery/keeper/keeper.go:87.62,90.15 3 1
github.com/quicksilver-zone/quicksilver/x/interchainquery/keeper/keeper.go:93.3,94.29 2 1
github.com/quicksilver-zone/quicksilver/x/interchainquery/keeper/keeper.go:95.8,100.3 3 1
github.com/quicksilver-zone/quicksilver/x/interchainquery/keeper/keeper.go:105.82,108.2 2 1
github.com/quicksilver-zone/quicksilver/x/interchainquery/keeper/keeper.go:110.74,113.2 2 1
github.com/quicksilver-zone/quicksilver/x/interchainquery/keeper/msg_server.go:21.54,23.2 1 1
github.com/quicksilver-zone/quicksilver/x/interchainquery/keeper/msg_server.go:27.145,31.12 3 1
github.com/quicksilver-zone/quicksilver/x/interchainquery/keeper/msg_server.go:31.12,35.3 2 1
github.com/quicksilver-zone/quicksilver/x/interchainquery/keeper/msg_server.go:37.2,38.104 2 1
github.com/quicksilver-zone/quicksilver/x/interchainquery/keeper/msg_server.go:38.104,43.3 2 0
github.com/quicksilver-zone/quicksilver/x/interchainquery/keeper/msg_server.go:47.2,47.54 1 1
github.com/quicksilver-zone/quicksilver/x/interchainquery/keeper/msg_server.go:47.54,52.3 2 0
github.com/quicksilver-zone/quicksilver/x/interchainquery/keeper/msg_server.go:54.2,55.42 2 1
github.com/quicksilver-zone/quicksilver/x/interchainquery/keeper/msg_server.go:55.42,56.156 1 0
github.com/quicksilver-zone/quicksilver/x/interchainquery/keeper/msg_server.go:56.156,59.4 2 0
github.com/quicksilver-zone/quicksilver/x/interchainquery/keeper/msg_server.go:62.2,67.68 3 1
github.com/quicksilver-zone/quicksilver/x/interchainquery/keeper/msg_server.go:67.68,69.31 2 1
github.com/quicksilver-zone/quicksilver/x/interchainquery/keeper/msg_server.go:69.31,72.18 3 0
github.com/quicksilver-zone/quicksilver/x/interchainquery/keeper/msg_server.go:72.18,74.52 1 0
github.com/quicksilver-zone/quicksilver/x/interchainquery/keeper/msg_server.go:74.52,77.6 2 0
github.com/quicksilver-zone/quicksilver/x/interchainquery/keeper/msg_server.go:80.5,80.20 1 0
github.com/quicksilver-zone/quicksilver/x/interchainquery/keeper/msg_server.go:83.4,83.9 1 0
github.com/quicksilver-zone/quicksilver/x/interchainquery/keeper/msg_server.go:87.2,87.42 1 1
github.com/quicksilver-zone/quicksilver/x/interchainquery/keeper/msg_server.go:87.42,89.3 1 0
github.com/quicksilver-zone/quicksilver/x/interchainquery/keeper/msg_server.go:91.2,91.45 1 1
github.com/quicksilver-zone/quicksilver/x/interchainquery/keeper/msg_server.go:91.45,94.3 2 0
github.com/quicksilver-zone/quicksilver/x/interchainquery/keeper/msg_server.go:99.2,99.27 1 1
github.com/quicksilver-zone/quicksilver/x/interchainquery/keeper/msg_server.go:99.27,100.16 1 1
github.com/quicksilver-zone/quicksilver/x/interchainquery/keeper/msg_server.go:100.16,102.4 1 1
github.com/quicksilver-zone/quicksilver/x/interchainquery/keeper/msg_server.go:103.8,106.3 2 1
github.com/quicksilver-zone/quicksilver/x/interchainquery/keeper/msg_server.go:108.2,115.53 2 1
github.com/quicksilver-zone/quicksilver/x/interchainquery/keeper/queries.go:16.122,18.2 1 1
github.com/quicksilver-zone/quicksilver/x/interchainquery/keeper/queries.go:31.16,43.2 1 1
github.com/quicksilver-zone/quicksilver/x/interchainquery/keeper/queries.go:46.74,50.18 4 1
github.com/quicksilver-zone/quicksilver/x/interchainquery/keeper/queries.go:50.18,52.3 1 1
github.com/quicksilver-zone/quicksilver/x/interchainquery/keeper/queries.go:53.2,54.20 2 1
github.com/quicksilver-zone/quicksilver/x/interchainquery/keeper/queries.go:58.62,62.2 3 1
github.com/quicksilver-zone/quicksilver/x/interchainquery/keeper/queries.go:65.57,68.2 2 1
github.com/quicksilver-zone/quicksilver/x/interchainquery/keeper/queries.go:71.106,77.42 5 1
github.com/quicksilver-zone/quicksilver/x/interchainquery/keeper/queries.go:77.42,82.11 4 1
github.com/quicksilver-zone/quicksilver/x/interchainquery/keeper/queries.go:82.11,83.9 1 0
github.com/quicksilver-zone/quicksilver/x/interchainquery/keeper/queries.go:85.3,85.6 1 1
github.com/quicksilver-zone/quicksilver/x/interchainquery/keeper/queries.go:90.59,92.73 2 1
github.com/quicksilver-zone/quicksilver/x/interchainquery/keeper/queries.go:92.73,95.3 2 1
github.com/quicksilver-zone/quicksilver/x/interchainquery/keeper/queries.go:96.2,96.16 1 1
